<?xml version="1.0" encoding="UTF-8"?>
<!-- Generated by org.testng.reporters.JUnitReportReporter -->
<testsuite skipped="0" hostname="DESKTOP-QIRCKSN" name="com.training.sanity.tests.ELearning_ELTC_077" tests="4" failures="0" timestamp="2019-11-05T18:55:30 IST" time="47.645" errors="0">
  <testcase name="InvalidUserRegistration" time="13.144" classname="com.training.sanity.tests.ELearning_ELTC_077"/>
  <testcase name="InvalidUserRegistration" time="11.487" classname="com.training.sanity.tests.ELearning_ELTC_077"/>
  <testcase name="InvalidUserRegistration" time="11.951" classname="com.training.sanity.tests.ELearning_ELTC_077"/>
  <testcase name="InvalidUserRegistration" time="11.063" classname="com.training.sanity.tests.ELearning_ELTC_077"/>
</testsuite> <!-- com.training.sanity.tests.ELearning_ELTC_077 -->
