<?xml version="1.0" encoding="UTF-8"?>
<!-- Generated by org.testng.reporters.JUnitReportReporter -->
<testsuite skipped="0" hostname="DESKTOP-QIRCKSN" name="com.training.sanity.tests.ChangePassword_ELTC_018" tests="1" failures="0" timestamp="2019-10-25T22:54:53 IST" time="27.741" errors="0">
  <testcase name="ChangePassword" time="27.741" classname="com.training.sanity.tests.ChangePassword_ELTC_018"/>
</testsuite> <!-- com.training.sanity.tests.ChangePassword_ELTC_018 -->
