<?xml version="1.0" encoding="UTF-8"?>
<!-- Generated by org.testng.reporters.JUnitReportReporter -->
<testsuite skipped="0" hostname="DESKTOP-QIRCKSN" name="com.training.sanity.tests.RegMultipleUser_ELTC_076" tests="4" failures="0" timestamp="2019-11-06T17:36:02 IST" time="58.158" errors="0">
  <testcase name="UserRegistration" time="23.124" classname="com.training.sanity.tests.RegMultipleUser_ELTC_076"/>
  <testcase name="UserRegistration" time="12.341" classname="com.training.sanity.tests.RegMultipleUser_ELTC_076"/>
  <testcase name="UserRegistration" time="10.803" classname="com.training.sanity.tests.RegMultipleUser_ELTC_076"/>
  <testcase name="UserRegistration" time="11.890" classname="com.training.sanity.tests.RegMultipleUser_ELTC_076"/>
</testsuite> <!-- com.training.sanity.tests.RegMultipleUser_ELTC_076 -->
