<?xml version="1.0" encoding="UTF-8"?>
<!-- Generated by org.testng.reporters.JUnitReportReporter -->
<testsuite skipped="0" hostname="DESKTOP-QIRCKSN" name="com.training.sanity.tests.AddUserAndAddCourseToUser_ELTC_48" tests="1" failures="0" timestamp="2019-10-31T01:50:10 IST" time="24.814" errors="0">
  <testcase name="AddUserAndCourse" time="24.814" classname="com.training.sanity.tests.AddUserAndAddCourseToUser_ELTC_48"/>
</testsuite> <!-- com.training.sanity.tests.AddUserAndAddCourseToUser_ELTC_48 -->
