<?xml version="1.0" encoding="UTF-8"?>
<!-- Generated by org.testng.reporters.JUnitReportReporter -->
<testsuite skipped="0" hostname="DESKTOP-QIRCKSN" name="com.training.sanity.tests.InvalidRegMultipleUser_ELTC_077" tests="4" failures="0" timestamp="2019-11-06T21:23:12 IST" time="121.946" errors="0">
  <testcase name="InvalidUserRegistration" time="36.204" classname="com.training.sanity.tests.InvalidRegMultipleUser_ELTC_077"/>
  <testcase name="InvalidUserRegistration" time="26.360" classname="com.training.sanity.tests.InvalidRegMultipleUser_ELTC_077"/>
  <testcase name="InvalidUserRegistration" time="28.530" classname="com.training.sanity.tests.InvalidRegMultipleUser_ELTC_077"/>
  <testcase name="InvalidUserRegistration" time="30.852" classname="com.training.sanity.tests.InvalidRegMultipleUser_ELTC_077"/>
</testsuite> <!-- com.training.sanity.tests.InvalidRegMultipleUser_ELTC_077 -->
