<?xml version="1.0" encoding="UTF-8"?>
<!-- Generated by org.testng.reporters.JUnitReportReporter -->
<testsuite skipped="0" hostname="DESKTOP-QIRCKSN" name="com.training.sanity.tests.CreateCategoryCourse_ELTC_047" tests="1" failures="0" timestamp="2019-10-31T00:17:06 IST" time="34.281" errors="0">
  <testcase name="CreateAddCategory" time="34.281" classname="com.training.sanity.tests.CreateCategoryCourse_ELTC_047"/>
</testsuite> <!-- com.training.sanity.tests.CreateCategoryCourse_ELTC_047 -->
