<?xml version="1.0" encoding="UTF-8"?>
<!-- Generated by org.testng.reporters.JUnitReportReporter -->
<testsuite skipped="0" hostname="DESKTOP-QIRCKSN" name="com.training.sanity.tests.CommentTask_ELTC_046" tests="1" failures="0" timestamp="2019-10-31T15:48:11 IST" time="19.374" errors="0">
  <testcase name="UseSubscribeCourse" time="19.374" classname="com.training.sanity.tests.CommentTask_ELTC_046"/>
</testsuite> <!-- com.training.sanity.tests.CommentTask_ELTC_046 -->
