<?xml version="1.0" encoding="UTF-8"?>
<!-- Generated by org.testng.reporters.JUnitReportReporter -->
<testsuite skipped="0" hostname="DESKTOP-QIRCKSN" name="com.training.sanity.tests.LogOut_ELTC_016" tests="1" failures="0" timestamp="2019-10-25T22:54:53 IST" time="27.300" errors="0">
  <testcase name="LogoutTest" time="27.300" classname="com.training.sanity.tests.LogOut_ELTC_016"/>
</testsuite> <!-- com.training.sanity.tests.LogOut_ELTC_016 -->
