<?xml version="1.0" encoding="UTF-8"?>
<!-- Generated by org.testng.reporters.JUnitReportReporter -->
<testsuite skipped="0" hostname="DESKTOP-QIRCKSN" name="com.training.sanity.tests.AdminLogin_ELTC_017" tests="1" failures="0" timestamp="2019-10-25T22:54:53 IST" time="19.778" errors="0">
  <testcase name="AdminLogin" time="19.778" classname="com.training.sanity.tests.AdminLogin_ELTC_017"/>
</testsuite> <!-- com.training.sanity.tests.AdminLogin_ELTC_017 -->
