<?xml version="1.0" encoding="UTF-8"?>
<!-- Generated by org.testng.reporters.JUnitReportReporter -->
<testsuite skipped="0" hostname="DESKTOP-QIRCKSN" name="com.training.sanity.tests.RegUserDB_ELTC_078" tests="3" failures="0" timestamp="2019-11-06T23:33:48 IST" time="198.829" errors="0">
  <testcase name="UserRegistration" time="66.527" classname="com.training.sanity.tests.RegUserDB_ELTC_078"/>
  <testcase name="UserRegistration" time="69.154" classname="com.training.sanity.tests.RegUserDB_ELTC_078"/>
  <testcase name="UserRegistration" time="63.148" classname="com.training.sanity.tests.RegUserDB_ELTC_078"/>
</testsuite> <!-- com.training.sanity.tests.RegUserDB_ELTC_078 -->
