<?xml version="1.0" encoding="UTF-8"?>
<!-- Generated by org.testng.reporters.JUnitReportReporter -->
<testsuite skipped="0" hostname="DESKTOP-QIRCKSN" name="com.training.sanity.tests.CreateCategoryCourse_ELTC_048" tests="1" failures="0" timestamp="2019-10-29T14:57:29 IST" time="21.874" errors="0">
  <testcase name="ChangePassword" time="21.874" classname="com.training.sanity.tests.CreateCategoryCourse_ELTC_048"/>
</testsuite> <!-- com.training.sanity.tests.CreateCategoryCourse_ELTC_048 -->
